<?xml version="1.0" encoding="UTF-8"?>
<!-- Generated by org.testng.reporters.JUnitReportReporter -->
<testsuite hostname="DESKTOP-RIB0J9I" failures="0" tests="1" name="com.tanmoy.Datoms.baseTest" time="6.823" errors="0" timestamp="2021-08-03T16:17:36 IST" skipped="0">
  <testcase classname="com.tanmoy.Datoms.baseTest" name="loginPage" time="6.823"/>
  <system-out/>
</testsuite> <!-- com.tanmoy.Datoms.baseTest -->
